# JRE version: OpenJDK Runtime Environment (8.0_152-b01) (build 1.8.0_152-release-915-b01)
# Java VM: OpenJDK 64-Bit Server VM (25.152-b01 mixed mode windows-amd64 compressed oops)
Heap:
 PSYoungGen      total 238080K, used 80764K [0x00000000e0000000, 0x00000000efe00000, 0x0000000100000000)
  eden space 215552K, 32% used [0x00000000e0000000,0x00000000e44f01c0,0x00000000ed280000)
  from space 22528K, 45% used [0x00000000ed280000,0x00000000edc6f070,0x00000000ee880000)
  to   space 22016K, 0% used [0x00000000ee880000,0x00000000ee880000,0x00000000efe00000)
 ParOldGen       total 238080K, used 61054K [0x00000000a0000000, 0x00000000ae880000, 0x00000000e0000000)
  object space 238080K, 25% used [0x00000000a0000000,0x00000000a3b9fab8,0x00000000ae880000)
 Metaspace       used 90327K, capacity 101478K, committed 102528K, reserved 1136640K
  class space    used 11514K, capacity 14461K, committed 14720K, reserved 1048576K
GC Heap History (10 events):
Event: 16052.214 GC heap before
{Heap before GC invocations=71 (full 4):
 PSYoungGen      total 239104K, used 227209K [0x00000000e0000000, 0x00000000f0400000, 0x0000000100000000)
  eden space 214016K, 100% used [0x00000000e0000000,0x00000000ed100000,0x00000000ed100000)
  from space 25088K, 52% used [0x00000000eeb80000,0x00000000ef862780,0x00000000f0400000)
  to   space 26112K, 0% used [0x00000000ed100000,0x00000000ed100000,0x00000000eea80000)
 ParOldGen       total 238080K, used 57674K [0x00000000a0000000, 0x00000000ae880000, 0x00000000e0000000)
  object space 238080K, 24% used [0x00000000a0000000,0x00000000a38529a0,0x00000000ae880000)
 Metaspace       used 89837K, capacity 100564K, committed 101760K, reserved 1136640K
  class space    used 11436K, capacity 14208K, committed 14464K, reserved 1048576K
Event: 16052.224 GC heap after
Heap after GC invocations=71 (full 4):
 PSYoungGen      total 240128K, used 9224K [0x00000000e0000000, 0x00000000f0300000, 0x0000000100000000)
  eden space 214016K, 0% used [0x00000000e0000000,0x00000000e0000000,0x00000000ed100000)
  from space 26112K, 35% used [0x00000000ed100000,0x00000000eda02048,0x00000000eea80000)
  to   space 25088K, 0% used [0x00000000eea80000,0x00000000eea80000,0x00000000f0300000)
 ParOldGen       total 238080K, used 57682K [0x00000000a0000000, 0x00000000ae880000, 0x00000000e0000000)
  object space 238080K, 24% used [0x00000000a0000000,0x00000000a38549a0,0x00000000ae880000)
 Metaspace       used 89837K, capacity 100564K, committed 101760K, reserved 1136640K
  class space    used 11436K, capacity 14208K, committed 14464K, reserved 1048576K
}
Event: 16109.999 GC heap before
{Heap before GC invocations=72 (full 4):
 PSYoungGen      total 240128K, used 222710K [0x00000000e0000000, 0x00000000f0300000, 0x0000000100000000)
  eden space 214016K, 99% used [0x00000000e0000000,0x00000000ed07b9f0,0x00000000ed100000)
  from space 26112K, 35% used [0x00000000ed100000,0x00000000eda02048,0x00000000eea80000)
  to   space 25088K, 0% used [0x00000000eea80000,0x00000000eea80000,0x00000000f0300000)
 ParOldGen       total 238080K, used 57682K [0x00000000a0000000, 0x00000000ae880000, 0x00000000e0000000)
  object space 238080K, 24% used [0x00000000a0000000,0x00000000a38549a0,0x00000000ae880000)
 Metaspace       used 89959K, capacity 100816K, committed 101888K, reserved 1136640K
  class space    used 11449K, capacity 14248K, committed 14592K, reserved 1048576K
Event: 16110.035 GC heap after
Heap after GC invocations=72 (full 4):
 PSYoungGen      total 238080K, used 10632K [0x00000000e0000000, 0x00000000f0100000, 0x0000000100000000)
  eden space 215040K, 0% used [0x00000000e0000000,0x00000000e0000000,0x00000000ed200000)
  from space 23040K, 46% used [0x00000000eea80000,0x00000000ef4e2270,0x00000000f0100000)
  to   space 24064K, 0% used [0x00000000ed200000,0x00000000ed200000,0x00000000ee980000)
 ParOldGen       total 238080K, used 60328K [0x00000000a0000000, 0x00000000ae880000, 0x00000000e0000000)
  object space 238080K, 25% used [0x00000000a0000000,0x00000000a3aea2a0,0x00000000ae880000)
 Metaspace       used 89959K, capacity 100816K, committed 101888K, reserved 1136640K
  class space    used 11449K, capacity 14248K, committed 14592K, reserved 1048576K
}
Event: 16225.631 GC heap before
{Heap before GC invocations=73 (full 4):
 PSYoungGen      total 238080K, used 225672K [0x00000000e0000000, 0x00000000f0100000, 0x0000000100000000)
  eden space 215040K, 100% used [0x00000000e0000000,0x00000000ed200000,0x00000000ed200000)
  from space 23040K, 46% used [0x00000000eea80000,0x00000000ef4e2270,0x00000000f0100000)
  to   space 24064K, 0% used [0x00000000ed200000,0x00000000ed200000,0x00000000ee980000)
 ParOldGen       total 238080K, used 60328K [0x00000000a0000000, 0x00000000ae880000, 0x00000000e0000000)
  object space 238080K, 25% used [0x00000000a0000000,0x00000000a3aea2a0,0x00000000ae880000)
 Metaspace       used 90080K, capacity 101056K, committed 102144K, reserved 1136640K
  class space    used 11471K, capacity 14328K, committed 14592K, reserved 1048576K
Event: 16225.649 GC heap after
Heap after GC invocations=73 (full 4):
 PSYoungGen      total 224768K, used 9476K [0x00000000e0000000, 0x00000000eff80000, 0x0000000100000000)
  eden space 215040K, 0% used [0x00000000e0000000,0x00000000e0000000,0x00000000ed200000)
  from space 9728K, 97% used [0x00000000ed200000,0x00000000edb410f8,0x00000000edb80000)
  to   space 23040K, 0% used [0x00000000ee900000,0x00000000ee900000,0x00000000eff80000)
 ParOldGen       total 238080K, used 60503K [0x00000000a0000000, 0x00000000ae880000, 0x00000000e0000000)
  object space 238080K, 25% used [0x00000000a0000000,0x00000000a3b15fc8,0x00000000ae880000)
 Metaspace       used 90080K, capacity 101056K, committed 102144K, reserved 1136640K
  class space    used 11471K, capacity 14328K, committed 14592K, reserved 1048576K
}
Event: 16859.357 GC heap before
{Heap before GC invocations=74 (full 4):
 PSYoungGen      total 224768K, used 224516K [0x00000000e0000000, 0x00000000eff80000, 0x0000000100000000)
  eden space 215040K, 100% used [0x00000000e0000000,0x00000000ed200000,0x00000000ed200000)
  from space 9728K, 97% used [0x00000000ed200000,0x00000000edb410f8,0x00000000edb80000)
  to   space 23040K, 0% used [0x00000000ee900000,0x00000000ee900000,0x00000000eff80000)
 ParOldGen       total 238080K, used 60503K [0x00000000a0000000, 0x00000000ae880000, 0x00000000e0000000)
  object space 238080K, 25% used [0x00000000a0000000,0x00000000a3b15fc8,0x00000000ae880000)
 Metaspace       used 90201K, capacity 101296K, committed 102272K, reserved 1136640K
  class space    used 11493K, capacity 14408K, committed 14720K, reserved 1048576K
Event: 16859.369 GC heap after
Heap after GC invocations=74 (full 4):
 PSYoungGen      total 237568K, used 7800K [0x00000000e0000000, 0x00000000efe80000, 0x0000000100000000)
  eden space 215552K, 0% used [0x00000000e0000000,0x00000000e0000000,0x00000000ed280000)
  from space 22016K, 35% used [0x00000000ee900000,0x00000000ef09e108,0x00000000efe80000)
  to   space 22528K, 0% used [0x00000000ed280000,0x00000000ed280000,0x00000000ee880000)
 ParOldGen       total 238080K, used 60739K [0x00000000a0000000, 0x00000000ae880000, 0x00000000e0000000)
  object space 238080K, 25% used [0x00000000a0000000,0x00000000a3b50d00,0x00000000ae880000)
 Metaspace       used 90201K, capacity 101296K, committed 102272K, reserved 1136640K
  class space    used 11493K, capacity 14408K, committed 14720K, reserved 1048576K
}
Event: 16942.611 GC heap before
{Heap before GC invocations=75 (full 4):
 PSYoungGen      total 237568K, used 223352K [0x00000000e0000000, 0x00000000efe80000, 0x0000000100000000)
  eden space 215552K, 100% used [0x00000000e0000000,0x00000000ed280000,0x00000000ed280000)
  from space 22016K, 35% used [0x00000000ee900000,0x00000000ef09e108,0x00000000efe80000)
  to   space 22528K, 0% used [0x00000000ed280000,0x00000000ed280000,0x00000000ee880000)
 ParOldGen       total 238080K, used 60739K [0x00000000a0000000, 0x00000000ae880000, 0x00000000e0000000)
  object space 238080K, 25% used [0x00000000a0000000,0x00000000a3b50d00,0x00000000ae880000)
 Metaspace       used 90283K, capacity 101424K, committed 102528K, reserved 1136640K
  class space    used 11504K, capacity 14448K, committed 14720K, reserved 1048576K
Event: 16942.618 GC heap after
Heap after GC invocations=75 (full 4):
 PSYoungGen      total 238080K, used 10172K [0x00000000e0000000, 0x00000000efe00000, 0x0000000100000000)
  eden space 215552K, 0% used [0x00000000e0000000,0x00000000e0000000,0x00000000ed280000)
  from space 22528K, 45% used [0x00000000ed280000,0x00000000edc6f070,0x00000000ee880000)
  to   space 22016K, 0% used [0x00000000ee880000,0x00000000ee880000,0x00000000efe00000)
 ParOldGen       total 238080K, used 61054K [0x00000000a0000000, 0x00000000ae880000, 0x00000000e0000000)
  object space 238080K, 25% used [0x00000000a0000000,0x00000000a3b9fab8,0x00000000ae880000)
 Metaspace       used 90283K, capacity 101424K, committed 102528K, reserved 1136640K
  class space    used 11504K, capacity 14448K, committed 14720K, reserved 1048576K
}

